<?xml version="1.0" encoding="UTF-8"?>
<!-- Generated by org.testng.reporters.JUnitReportReporter -->
<testsuite hostname="DESKTOP-60N3SAN" failures="0" tests="1" name="Day3_POM_PageFactory.PomCallingDay3" time="21.268" errors="0" timestamp="2024-01-11T07:25:59 IST" skipped="0">
  <testcase classname="Day3_POM_PageFactory.PomCallingDay3" name="calling" time="21.268"/>
  <system-out/>
</testsuite> <!-- Day3_POM_PageFactory.PomCallingDay3 -->
